<?xml version="1.0" encoding="UTF-8"?>
<testsuite xmlns:xsi="http://www.w3.org/2001/XMLSchema-instance" xsi:noNamespaceSchemaLocation="https://maven.apache.org/surefire/maven-surefire-plugin/xsd/surefire-test-report.xsd" name="com.it.domain.AppTest" time="0.24" tests="1" errors="0" skipped="0" failures="0">
  <properties>
    <property name="sun.desktop" value="windows"/>
    <property name="awt.toolkit" value="sun.awt.windows.WToolkit"/>
    <property name="file.encoding.pkg" value="sun.io"/>
    <property name="java.specification.version" value="1.8"/>
    <property name="sun.cpu.isalist" value="amd64"/>
    <property name="sun.jnu.encoding" value="GBK"/>
    <property name="java.class.path" value="G:\IDEA项目\proj_ssm\proj_ssm_Parent\proj_ssm_domain\target\test-classes;G:\IDEA项目\proj_ssm\proj_ssm_Parent\proj_ssm_domain\target\classes;F:\maven_repos\junit\junit\4.11\junit-4.11.jar;F:\maven_repos\org\hamcrest\hamcrest-core\1.3\hamcrest-core-1.3.jar;F:\maven_repos\commons-logging\commons-logging\1.2\commons-logging-1.2.jar;F:\maven_repos\org\springframework\spring-context\5.1.6.RELEASE\spring-context-5.1.6.RELEASE.jar;F:\maven_repos\org\springframework\spring-aop\5.1.6.RELEASE\spring-aop-5.1.6.RELEASE.jar;F:\maven_repos\org\springframework\spring-beans\5.1.6.RELEASE\spring-beans-5.1.6.RELEASE.jar;F:\maven_repos\org\springframework\spring-core\5.1.6.RELEASE\spring-core-5.1.6.RELEASE.jar;F:\maven_repos\org\springframework\spring-jcl\5.1.6.RELEASE\spring-jcl-5.1.6.RELEASE.jar;F:\maven_repos\org\springframework\spring-expression\5.1.6.RELEASE\spring-expression-5.1.6.RELEASE.jar;F:\maven_repos\org\springframework\spring-tx\5.1.6.RELEASE\spring-tx-5.1.6.RELEASE.jar;F:\maven_repos\org\springframework\spring-jdbc\5.1.6.RELEASE\spring-jdbc-5.1.6.RELEASE.jar;F:\maven_repos\org\springframework\spring-test\5.1.6.RELEASE\spring-test-5.1.6.RELEASE.jar;F:\maven_repos\org\springframework\spring-webmvc\5.1.6.RELEASE\spring-webmvc-5.1.6.RELEASE.jar;F:\maven_repos\org\springframework\spring-web\5.1.6.RELEASE\spring-web-5.1.6.RELEASE.jar;F:\maven_repos\org\mybatis\mybatis\3.4.5\mybatis-3.4.5.jar;F:\maven_repos\org\mybatis\mybatis-spring\1.3.1\mybatis-spring-1.3.1.jar;F:\maven_repos\org\aspectj\aspectjweaver\1.8.7\aspectjweaver-1.8.7.jar;F:\maven_repos\com\alibaba\druid\1.1.9\druid-1.1.9.jar;F:\maven_repos\javax\servlet\jsp-api\2.0\jsp-api-2.0.jar;F:\maven_repos\javax\servlet\servlet-api\2.5\servlet-api-2.5.jar;F:\maven_repos\log4j\log4j\1.2.17\log4j-1.2.17.jar;F:\maven_repos\org\apache\logging\log4j\log4j-api\2.10.0\log4j-api-2.10.0.jar;F:\maven_repos\org\apache\logging\log4j\log4j-core\2.10.0\log4j-core-2.10.0.jar;F:\maven_repos\org\apache\logging\log4j\log4j-web\2.9.1\log4j-web-2.9.1.jar;F:\maven_repos\org\slf4j\slf4j-api\1.7.25\slf4j-api-1.7.25.jar;F:\maven_repos\org\apache\logging\log4j\log4j-slf4j-impl\2.9.1\log4j-slf4j-impl-2.9.1.jar;F:\maven_repos\org\apache\logging\log4j\log4j-jcl\2.9.1\log4j-jcl-2.9.1.jar;F:\maven_repos\mysql\mysql-connector-java\5.1.6\mysql-connector-java-5.1.6.jar;F:\maven_repos\jstl\jstl\1.2\jstl-1.2.jar;F:\maven_repos\taglibs\standard\1.1.1\standard-1.1.1.jar;F:\maven_repos\commons-fileupload\commons-fileupload\1.3.1\commons-fileupload-1.3.1.jar;F:\maven_repos\commons-io\commons-io\2.5\commons-io-2.5.jar;F:\maven_repos\c3p0\c3p0\0.9.1.2\c3p0-0.9.1.2.jar;F:\maven_repos\com\github\pagehelper\pagehelper\5.1.2\pagehelper-5.1.2.jar;F:\maven_repos\com\github\jsqlparser\jsqlparser\1.0\jsqlparser-1.0.jar;F:\maven_repos\org\springframework\security\spring-security-web\5.1.6.RELEASE\spring-security-web-5.1.6.RELEASE.jar;F:\maven_repos\org\springframework\security\spring-security-config\5.1.6.RELEASE\spring-security-config-5.1.6.RELEASE.jar;F:\maven_repos\org\springframework\security\spring-security-core\5.1.6.RELEASE\spring-security-core-5.1.6.RELEASE.jar;F:\maven_repos\org\springframework\security\spring-security-taglibs\5.1.6.RELEASE\spring-security-taglibs-5.1.6.RELEASE.jar;F:\maven_repos\org\springframework\security\spring-security-acl\5.1.6.RELEASE\spring-security-acl-5.1.6.RELEASE.jar;"/>
    <property name="java.vm.vendor" value="Oracle Corporation"/>
    <property name="sun.arch.data.model" value="64"/>
    <property name="user.variant" value=""/>
    <property name="java.vendor.url" value="http://java.oracle.com/"/>
    <property name="user.timezone" value="Asia/Shanghai"/>
    <property name="java.vm.specification.version" value="1.8"/>
    <property name="os.name" value="Windows 10"/>
    <property name="user.country" value="CN"/>
    <property name="sun.java.launcher" value="SUN_STANDARD"/>
    <property name="sun.boot.library.path" value="F:\jdk1.8.0_65\jre\bin"/>
    <property name="sun.java.command" value="C:\Users\爱喝雪~1\AppData\Local\Temp\surefire3655608708345413408\surefirebooter7554614284018393034.jar C:\Users\爱喝雪碧的大个子\AppData\Local\Temp\surefire3655608708345413408 2020-11-03T23-18-09_254-jvmRun1 surefire6465424252970496257tmp surefire_06328775550657990423tmp"/>
    <property name="surefire.test.class.path" value="G:\IDEA项目\proj_ssm\proj_ssm_Parent\proj_ssm_domain\target\test-classes;G:\IDEA项目\proj_ssm\proj_ssm_Parent\proj_ssm_domain\target\classes;F:\maven_repos\junit\junit\4.11\junit-4.11.jar;F:\maven_repos\org\hamcrest\hamcrest-core\1.3\hamcrest-core-1.3.jar;F:\maven_repos\commons-logging\commons-logging\1.2\commons-logging-1.2.jar;F:\maven_repos\org\springframework\spring-context\5.1.6.RELEASE\spring-context-5.1.6.RELEASE.jar;F:\maven_repos\org\springframework\spring-aop\5.1.6.RELEASE\spring-aop-5.1.6.RELEASE.jar;F:\maven_repos\org\springframework\spring-beans\5.1.6.RELEASE\spring-beans-5.1.6.RELEASE.jar;F:\maven_repos\org\springframework\spring-core\5.1.6.RELEASE\spring-core-5.1.6.RELEASE.jar;F:\maven_repos\org\springframework\spring-jcl\5.1.6.RELEASE\spring-jcl-5.1.6.RELEASE.jar;F:\maven_repos\org\springframework\spring-expression\5.1.6.RELEASE\spring-expression-5.1.6.RELEASE.jar;F:\maven_repos\org\springframework\spring-tx\5.1.6.RELEASE\spring-tx-5.1.6.RELEASE.jar;F:\maven_repos\org\springframework\spring-jdbc\5.1.6.RELEASE\spring-jdbc-5.1.6.RELEASE.jar;F:\maven_repos\org\springframework\spring-test\5.1.6.RELEASE\spring-test-5.1.6.RELEASE.jar;F:\maven_repos\org\springframework\spring-webmvc\5.1.6.RELEASE\spring-webmvc-5.1.6.RELEASE.jar;F:\maven_repos\org\springframework\spring-web\5.1.6.RELEASE\spring-web-5.1.6.RELEASE.jar;F:\maven_repos\org\mybatis\mybatis\3.4.5\mybatis-3.4.5.jar;F:\maven_repos\org\mybatis\mybatis-spring\1.3.1\mybatis-spring-1.3.1.jar;F:\maven_repos\org\aspectj\aspectjweaver\1.8.7\aspectjweaver-1.8.7.jar;F:\maven_repos\com\alibaba\druid\1.1.9\druid-1.1.9.jar;F:\maven_repos\javax\servlet\jsp-api\2.0\jsp-api-2.0.jar;F:\maven_repos\javax\servlet\servlet-api\2.5\servlet-api-2.5.jar;F:\maven_repos\log4j\log4j\1.2.17\log4j-1.2.17.jar;F:\maven_repos\org\apache\logging\log4j\log4j-api\2.10.0\log4j-api-2.10.0.jar;F:\maven_repos\org\apache\logging\log4j\log4j-core\2.10.0\log4j-core-2.10.0.jar;F:\maven_repos\org\apache\logging\log4j\log4j-web\2.9.1\log4j-web-2.9.1.jar;F:\maven_repos\org\slf4j\slf4j-api\1.7.25\slf4j-api-1.7.25.jar;F:\maven_repos\org\apache\logging\log4j\log4j-slf4j-impl\2.9.1\log4j-slf4j-impl-2.9.1.jar;F:\maven_repos\org\apache\logging\log4j\log4j-jcl\2.9.1\log4j-jcl-2.9.1.jar;F:\maven_repos\mysql\mysql-connector-java\5.1.6\mysql-connector-java-5.1.6.jar;F:\maven_repos\jstl\jstl\1.2\jstl-1.2.jar;F:\maven_repos\taglibs\standard\1.1.1\standard-1.1.1.jar;F:\maven_repos\commons-fileupload\commons-fileupload\1.3.1\commons-fileupload-1.3.1.jar;F:\maven_repos\commons-io\commons-io\2.5\commons-io-2.5.jar;F:\maven_repos\c3p0\c3p0\0.9.1.2\c3p0-0.9.1.2.jar;F:\maven_repos\com\github\pagehelper\pagehelper\5.1.2\pagehelper-5.1.2.jar;F:\maven_repos\com\github\jsqlparser\jsqlparser\1.0\jsqlparser-1.0.jar;F:\maven_repos\org\springframework\security\spring-security-web\5.1.6.RELEASE\spring-security-web-5.1.6.RELEASE.jar;F:\maven_repos\org\springframework\security\spring-security-config\5.1.6.RELEASE\spring-security-config-5.1.6.RELEASE.jar;F:\maven_repos\org\springframework\security\spring-security-core\5.1.6.RELEASE\spring-security-core-5.1.6.RELEASE.jar;F:\maven_repos\org\springframework\security\spring-security-taglibs\5.1.6.RELEASE\spring-security-taglibs-5.1.6.RELEASE.jar;F:\maven_repos\org\springframework\security\spring-security-acl\5.1.6.RELEASE\spring-security-acl-5.1.6.RELEASE.jar;"/>
    <property name="sun.cpu.endian" value="little"/>
    <property name="user.home" value="C:\Users\爱喝雪碧的大个子"/>
    <property name="user.language" value="zh"/>
    <property name="java.specification.vendor" value="Oracle Corporation"/>
    <property name="java.home" value="F:\jdk1.8.0_65\jre"/>
    <property name="basedir" value="G:\IDEA项目\proj_ssm\proj_ssm_Parent\proj_ssm_domain"/>
    <property name="file.separator" value="\"/>
    <property name="line.separator" value="&#10;"/>
    <property name="java.vm.specification.vendor" value="Oracle Corporation"/>
    <property name="java.specification.name" value="Java Platform API Specification"/>
    <property name="java.awt.graphicsenv" value="sun.awt.Win32GraphicsEnvironment"/>
    <property name="surefire.real.class.path" value="C:\Users\爱喝雪~1\AppData\Local\Temp\surefire3655608708345413408\surefirebooter7554614284018393034.jar"/>
    <property name="sun.boot.class.path" value="F:\jdk1.8.0_65\jre\lib\resources.jar;F:\jdk1.8.0_65\jre\lib\rt.jar;F:\jdk1.8.0_65\jre\lib\sunrsasign.jar;F:\jdk1.8.0_65\jre\lib\jsse.jar;F:\jdk1.8.0_65\jre\lib\jce.jar;F:\jdk1.8.0_65\jre\lib\charsets.jar;F:\jdk1.8.0_65\jre\lib\jfr.jar;F:\jdk1.8.0_65\jre\classes"/>
    <property name="user.script" value=""/>
    <property name="sun.management.compiler" value="HotSpot 64-Bit Tiered Compilers"/>
    <property name="java.runtime.version" value="1.8.0_65-b17"/>
    <property name="user.name" value="爱喝雪碧的大个子"/>
    <property name="path.separator" value=";"/>
    <property name="os.version" value="10.0"/>
    <property name="java.endorsed.dirs" value="F:\jdk1.8.0_65\jre\lib\endorsed"/>
    <property name="java.runtime.name" value="Java(TM) SE Runtime Environment"/>
    <property name="file.encoding" value="UTF-8"/>
    <property name="java.vm.name" value="Java HotSpot(TM) 64-Bit Server VM"/>
    <property name="localRepository" value="F:\maven_repos"/>
    <property name="java.vendor.url.bug" value="http://bugreport.sun.com/bugreport/"/>
    <property name="java.io.tmpdir" value="C:\Users\爱喝雪~1\AppData\Local\Temp\"/>
    <property name="idea.version" value="2018.2"/>
    <property name="java.version" value="1.8.0_65"/>
    <property name="user.dir" value="G:\IDEA项目\proj_ssm\proj_ssm_Parent\proj_ssm_domain"/>
    <property name="os.arch" value="amd64"/>
    <property name="java.vm.specification.name" value="Java Virtual Machine Specification"/>
    <property name="java.awt.printerjob" value="sun.awt.windows.WPrinterJob"/>
    <property name="sun.os.patch.level" value=""/>
    <property name="java.library.path" value="F:\jdk1.8.0_65\jre\bin;C:\Windows\Sun\Java\bin;C:\Windows\system32;C:\Windows;F:\oracle\product\11.2.0\dbhome_1\bin;F:\jdk1.8.0_65\jre\bin;F:\jdk1.8.0_65\bin;C:\ProgramData\Oracle\Java\javapath;C:\Program Files (x86)\Common Files\Intel\Shared Libraries\redist\intel64\compiler;F:\xshell安装处\;C:\Windows\system32;C:\Windows;C:\Windows\System32\Wbem;C:\Windows\System32\WindowsPowerShell\v1.0\;C:\Windows\System32\OpenSSH\;C:\Program Files\WIDCOMM\Bluetooth Software\;C:\Program Files\WIDCOMM\Bluetooth Software\syswow64;C:\Program Files (x86)\NVIDIA Corporation\PhysX\Common;C:\Program Files\NVIDIA Corporation\NVIDIA NvDLISR;F:\Python38instell;C:\Program Files\Microsoft SQL Server\130\Tools\Binn\;C:\Program Files\Microsoft SQL Server\Client SDK\ODBC\170\Tools\Binn\;C:\Program Files\MySQL\MySQL Server 5.6\bin;C:\Program Files\dotnet\;F:\MySQL\MySQL Server 5.5\bin;F:\node\ ;F:\apache-tomcat-8.5.37-windows-x64\apache-tomcat-8.5.37\bin;F:\apache-tomcat-8.5.37-windows-x64\apache-tomcat-8.5.37\lib;F:\apache-maven-3.5.2-bin\apache-maven-3.5.2\bin;C:\Program Files\TortoiseSVN\bin;C:\Program Files\VisualSVN Server\bin;F:\Python38instell\Scripts\;F:\Python38instell\;C:\Users\爱喝雪碧的大个子\AppData\Local\Microsoft\WindowsApps;C:\Users\爱喝雪碧的大个子\AppData\Local\GitHubDesktop\bin;F:\IntelliJ软件安装处\IntelliJ IDEA 2020.1.2\bin;;C:\Users\爱喝雪碧的大个子\AppData\Roaming\npm;."/>
    <property name="java.vm.info" value="mixed mode"/>
    <property name="java.vendor" value="Oracle Corporation"/>
    <property name="java.vm.version" value="25.65-b01"/>
    <property name="java.ext.dirs" value="F:\jdk1.8.0_65\jre\lib\ext;C:\Windows\Sun\Java\lib\ext"/>
    <property name="sun.io.unicode.encoding" value="UnicodeLittle"/>
    <property name="java.class.version" value="52.0"/>
  </properties>
  <testcase name="shouldAnswerWithTrue" classname="com.it.domain.AppTest" time="0.087"/>
</testsuite>